2016-12-14 15:39:49,459 [WARN ][Thread-0        ][         dz1.Counter] - /media/ruav/8064B61E64B6173E/resources/8.txt contains english words
2016-12-14 15:39:49,459 [WARN ][Thread-0        ][         dz1.Counter] - /media/ruav/8064B61E64B6173E/resources/8.txt contains english words
2016-12-14 15:40:43,485 [WARN ][Thread-0        ][         dz1.Counter] - /media/ruav/8064B61E64B6173E/resources/7.txt contains english words
2016-12-14 15:40:43,485 [WARN ][Thread-0        ][         dz1.Counter] - /media/ruav/8064B61E64B6173E/resources/7.txt contains english words
2016-12-14 15:40:43,489 [WARN ][Thread-1        ][         dz1.Counter] - /media/ruav/8064B61E64B6173E/resources/8.txt contains english words
2016-12-14 15:40:43,489 [WARN ][Thread-1        ][         dz1.Counter] - /media/ruav/8064B61E64B6173E/resources/8.txt contains english words
2016-12-14 16:34:25,222 [WARN ][Thread-0        ][         dz1.Counter] - /media/ruav/8064B61E64B6173E/resources/7.txt contains english words
2016-12-14 16:34:25,222 [WARN ][Thread-0        ][         dz1.Counter] - /media/ruav/8064B61E64B6173E/resources/7.txt contains english words
2016-12-14 16:34:25,225 [WARN ][Thread-1        ][         dz1.Counter] - /media/ruav/8064B61E64B6173E/resources/8.txt contains english words
2016-12-14 16:34:25,225 [WARN ][Thread-1        ][         dz1.Counter] - /media/ruav/8064B61E64B6173E/resources/8.txt contains english words
2016-12-14 16:36:45,643 [WARN ][Thread-0        ][         dz1.Counter] - /media/ruav/8064B61E64B6173E/resources/7.txt contains english words
2016-12-14 16:36:45,643 [WARN ][Thread-0        ][         dz1.Counter] - /media/ruav/8064B61E64B6173E/resources/7.txt contains english words
2016-12-14 16:36:45,644 [WARN ][Thread-1        ][         dz1.Counter] - /media/ruav/8064B61E64B6173E/resources/8.txt contains english words
2016-12-14 16:36:45,644 [WARN ][Thread-1        ][         dz1.Counter] - /media/ruav/8064B61E64B6173E/resources/8.txt contains english words
2016-12-14 16:37:12,850 [WARN ][Thread-0        ][         dz1.Counter] - /media/ruav/8064B61E64B6173E/resources/7.txt contains english words
2016-12-14 16:37:12,850 [WARN ][Thread-0        ][         dz1.Counter] - /media/ruav/8064B61E64B6173E/resources/7.txt contains english words
2016-12-14 16:37:12,852 [WARN ][Thread-1        ][         dz1.Counter] - /media/ruav/8064B61E64B6173E/resources/8.txt contains english words
2016-12-14 16:37:12,852 [WARN ][Thread-1        ][         dz1.Counter] - /media/ruav/8064B61E64B6173E/resources/8.txt contains english words
2016-12-14 16:38:11,258 [WARN ][Thread-0        ][         dz1.Counter] - /media/ruav/8064B61E64B6173E/resources/7.txt contains english words
2016-12-14 16:38:11,258 [WARN ][Thread-0        ][         dz1.Counter] - /media/ruav/8064B61E64B6173E/resources/7.txt contains english words
2016-12-14 16:38:11,259 [WARN ][Thread-1        ][         dz1.Counter] - /media/ruav/8064B61E64B6173E/resources/8.txt contains english words
2016-12-14 16:38:11,259 [WARN ][Thread-1        ][         dz1.Counter] - /media/ruav/8064B61E64B6173E/resources/8.txt contains english words
2016-12-14 16:38:24,478 [WARN ][Thread-1        ][         dz1.Counter] - /media/ruav/8064B61E64B6173E/resources/8.txt contains english words
2016-12-14 16:38:24,478 [WARN ][Thread-1        ][         dz1.Counter] - /media/ruav/8064B61E64B6173E/resources/8.txt contains english words
2016-12-14 16:38:24,488 [WARN ][Thread-0        ][         dz1.Counter] - /media/ruav/8064B61E64B6173E/resources/7.txt contains english words
2016-12-14 16:38:24,488 [WARN ][Thread-0        ][         dz1.Counter] - /media/ruav/8064B61E64B6173E/resources/7.txt contains english words
2016-12-14 16:41:06,414 [WARN ][Thread-1        ][         dz1.Counter] - /media/ruav/8064B61E64B6173E/resources/8.txt contains english words
2016-12-14 16:41:06,414 [WARN ][Thread-1        ][         dz1.Counter] - /media/ruav/8064B61E64B6173E/resources/8.txt contains english words
2016-12-14 16:41:06,422 [WARN ][Thread-0        ][         dz1.Counter] - /media/ruav/8064B61E64B6173E/resources/7.txt contains english words
2016-12-14 16:41:06,422 [WARN ][Thread-0        ][         dz1.Counter] - /media/ruav/8064B61E64B6173E/resources/7.txt contains english words
2016-12-14 16:42:58,848 [WARN ][Thread-1        ][         dz1.Counter] - /media/ruav/8064B61E64B6173E/resources/8.txt contains english words
2016-12-14 16:42:58,848 [WARN ][Thread-1        ][         dz1.Counter] - /media/ruav/8064B61E64B6173E/resources/8.txt contains english words
2016-12-14 16:42:58,850 [WARN ][Thread-0        ][         dz1.Counter] - /media/ruav/8064B61E64B6173E/resources/7.txt contains english words
2016-12-14 16:42:58,850 [WARN ][Thread-0        ][         dz1.Counter] - /media/ruav/8064B61E64B6173E/resources/7.txt contains english words
2016-12-14 16:43:09,469 [WARN ][Thread-0        ][         dz1.Counter] - /media/ruav/8064B61E64B6173E/resources/7.txt contains english words
2016-12-14 16:43:09,469 [WARN ][Thread-0        ][         dz1.Counter] - /media/ruav/8064B61E64B6173E/resources/7.txt contains english words
2016-12-14 16:43:09,472 [WARN ][Thread-1        ][         dz1.Counter] - /media/ruav/8064B61E64B6173E/resources/8.txt contains english words
2016-12-14 16:43:09,472 [WARN ][Thread-1        ][         dz1.Counter] - /media/ruav/8064B61E64B6173E/resources/8.txt contains english words
2016-12-14 16:43:32,121 [WARN ][Thread-0        ][         dz1.Counter] - /media/ruav/8064B61E64B6173E/resources/8.txt contains english words
2016-12-14 16:43:32,121 [WARN ][Thread-0        ][         dz1.Counter] - /media/ruav/8064B61E64B6173E/resources/8.txt contains english words
2016-12-14 16:43:35,663 [WARN ][Thread-0        ][         dz1.Counter] - /media/ruav/8064B61E64B6173E/resources/8.txt contains english words
2016-12-14 16:43:35,663 [WARN ][Thread-0        ][         dz1.Counter] - /media/ruav/8064B61E64B6173E/resources/8.txt contains english words
2016-12-14 16:43:39,502 [WARN ][Thread-0        ][         dz1.Counter] - /media/ruav/8064B61E64B6173E/resources/8.txt contains english words
2016-12-14 16:43:39,502 [WARN ][Thread-0        ][         dz1.Counter] - /media/ruav/8064B61E64B6173E/resources/8.txt contains english words
2016-12-14 16:43:47,701 [WARN ][Thread-0        ][         dz1.Counter] - /media/ruav/8064B61E64B6173E/resources/8.txt contains english words
2016-12-14 16:43:47,701 [WARN ][Thread-0        ][         dz1.Counter] - /media/ruav/8064B61E64B6173E/resources/8.txt contains english words
2016-12-14 16:45:10,453 [WARN ][Thread-0        ][         dz1.Counter] - /media/ruav/8064B61E64B6173E/resources/8.txt contains english words
2016-12-14 16:45:10,453 [WARN ][Thread-0        ][         dz1.Counter] - /media/ruav/8064B61E64B6173E/resources/8.txt contains english words
2016-12-14 16:46:01,941 [WARN ][Thread-1        ][         dz1.Counter] - /media/ruav/8064B61E64B6173E/resources/8.txt contains english words
2016-12-14 16:46:01,941 [WARN ][Thread-1        ][         dz1.Counter] - /media/ruav/8064B61E64B6173E/resources/8.txt contains english words
2016-12-14 16:46:03,652 [WARN ][Thread-0        ][         dz1.Counter] - /media/ruav/8064B61E64B6173E/resources/7.txt contains english words
2016-12-14 16:46:03,652 [WARN ][Thread-0        ][         dz1.Counter] - /media/ruav/8064B61E64B6173E/resources/7.txt contains english words
2016-12-14 16:48:32,662 [WARN ][Thread-0        ][         dz1.Counter] - /media/ruav/8064B61E64B6173E/resources/7.txt contains english words
2016-12-14 16:48:32,662 [WARN ][Thread-0        ][         dz1.Counter] - /media/ruav/8064B61E64B6173E/resources/7.txt contains english words
2016-12-14 16:48:32,662 [WARN ][Thread-1        ][         dz1.Counter] - /media/ruav/8064B61E64B6173E/resources/8.txt contains english words
2016-12-14 16:48:32,662 [WARN ][Thread-1        ][         dz1.Counter] - /media/ruav/8064B61E64B6173E/resources/8.txt contains english words
2016-12-14 16:48:49,700 [WARN ][Thread-1        ][         dz1.Counter] - /media/ruav/8064B61E64B6173E/resources/8.txt contains english words
2016-12-14 16:48:49,700 [WARN ][Thread-1        ][         dz1.Counter] - /media/ruav/8064B61E64B6173E/resources/8.txt contains english words
2016-12-14 16:48:49,701 [WARN ][Thread-0        ][         dz1.Counter] - /media/ruav/8064B61E64B6173E/resources/7.txt contains english words
2016-12-14 16:48:49,701 [WARN ][Thread-0        ][         dz1.Counter] - /media/ruav/8064B61E64B6173E/resources/7.txt contains english words
2016-12-14 16:50:00,333 [WARN ][Thread-0        ][         dz1.Counter] - /media/ruav/8064B61E64B6173E/resources/7.txt contains english words
2016-12-14 16:50:00,333 [WARN ][Thread-0        ][         dz1.Counter] - /media/ruav/8064B61E64B6173E/resources/7.txt contains english words
2016-12-14 16:50:00,333 [WARN ][Thread-1        ][         dz1.Counter] - /media/ruav/8064B61E64B6173E/resources/8.txt contains english words
2016-12-14 16:50:00,333 [WARN ][Thread-1        ][         dz1.Counter] - /media/ruav/8064B61E64B6173E/resources/8.txt contains english words
2016-12-14 16:50:38,403 [WARN ][Thread-0        ][         dz1.Counter] - /media/ruav/8064B61E64B6173E/resources/7.txt contains english words
2016-12-14 16:50:38,403 [WARN ][Thread-0        ][         dz1.Counter] - /media/ruav/8064B61E64B6173E/resources/7.txt contains english words
2016-12-14 16:55:34,066 [WARN ][Thread-0        ][         dz1.Counter] - /media/ruav/8064B61E64B6173E/resources/7.txt contains english words
2016-12-14 16:55:34,066 [WARN ][Thread-0        ][         dz1.Counter] - /media/ruav/8064B61E64B6173E/resources/7.txt contains english words
2016-12-14 16:56:08,185 [WARN ][Thread-0        ][         dz1.Counter] - /media/ruav/8064B61E64B6173E/resources/7.txt contains english words
2016-12-14 16:56:08,185 [WARN ][Thread-0        ][         dz1.Counter] - /media/ruav/8064B61E64B6173E/resources/7.txt contains english words
2016-12-14 16:56:36,713 [WARN ][Thread-0        ][         dz1.Counter] - /media/ruav/8064B61E64B6173E/resources/7.txt contains english words
2016-12-14 16:56:36,713 [WARN ][Thread-0        ][         dz1.Counter] - /media/ruav/8064B61E64B6173E/resources/7.txt contains english words
2016-12-14 16:57:20,044 [WARN ][Thread-0        ][         dz1.Counter] - /media/ruav/8064B61E64B6173E/resources/7.txt contains english words
2016-12-14 16:57:20,044 [WARN ][Thread-0        ][         dz1.Counter] - /media/ruav/8064B61E64B6173E/resources/7.txt contains english words
2016-12-14 16:58:40,589 [WARN ][Thread-0        ][         dz1.Counter] - /media/ruav/8064B61E64B6173E/resources/7.txt contains english words
2016-12-14 16:58:40,589 [WARN ][Thread-0        ][         dz1.Counter] - /media/ruav/8064B61E64B6173E/resources/7.txt contains english words
2016-12-14 17:00:30,809 [WARN ][Thread-0        ][         dz1.Counter] - /media/ruav/8064B61E64B6173E/resources/7.txt contains english words
2016-12-14 17:00:30,809 [WARN ][Thread-0        ][         dz1.Counter] - /media/ruav/8064B61E64B6173E/resources/7.txt contains english words
2016-12-14 17:01:09,123 [WARN ][Thread-0        ][         dz1.Counter] - /media/ruav/8064B61E64B6173E/resources/7.txt contains english words
2016-12-14 17:01:09,123 [WARN ][Thread-0        ][         dz1.Counter] - /media/ruav/8064B61E64B6173E/resources/7.txt contains english words
2016-12-14 17:01:21,066 [WARN ][Thread-0        ][         dz1.Counter] - /media/ruav/8064B61E64B6173E/resources/7.txt contains english words
2016-12-14 17:01:21,066 [WARN ][Thread-0        ][         dz1.Counter] - /media/ruav/8064B61E64B6173E/resources/7.txt contains english words
2016-12-14 17:01:21,066 [WARN ][Thread-1        ][         dz1.Counter] - /media/ruav/8064B61E64B6173E/resources/8.txt contains english words
2016-12-14 17:01:21,066 [WARN ][Thread-1        ][         dz1.Counter] - /media/ruav/8064B61E64B6173E/resources/8.txt contains english words
2016-12-14 17:02:29,828 [WARN ][Thread-0        ][         dz1.Counter] - /media/ruav/8064B61E64B6173E/resources/7.txt contains english words
2016-12-14 17:02:29,828 [WARN ][Thread-0        ][         dz1.Counter] - /media/ruav/8064B61E64B6173E/resources/7.txt contains english words
2016-12-14 17:02:29,828 [WARN ][Thread-1        ][         dz1.Counter] - /media/ruav/8064B61E64B6173E/resources/8.txt contains english words
2016-12-14 17:02:29,828 [WARN ][Thread-1        ][         dz1.Counter] - /media/ruav/8064B61E64B6173E/resources/8.txt contains english words
2016-12-14 17:02:34,693 [WARN ][Thread-0        ][         dz1.Counter] - /media/ruav/8064B61E64B6173E/resources/7.txt contains english words
2016-12-14 17:02:34,693 [WARN ][Thread-0        ][         dz1.Counter] - /media/ruav/8064B61E64B6173E/resources/7.txt contains english words
2016-12-14 17:02:37,105 [WARN ][Thread-0        ][         dz1.Counter] - /media/ruav/8064B61E64B6173E/resources/7.txt contains english words
2016-12-14 17:02:37,107 [WARN ][Thread-1        ][         dz1.Counter] - /media/ruav/8064B61E64B6173E/resources/8.txt contains english words
2016-12-14 17:02:37,105 [WARN ][Thread-0        ][         dz1.Counter] - /media/ruav/8064B61E64B6173E/resources/7.txt contains english words
2016-12-14 17:02:37,107 [WARN ][Thread-1        ][         dz1.Counter] - /media/ruav/8064B61E64B6173E/resources/8.txt contains english words
2016-12-14 17:03:08,516 [WARN ][Thread-0        ][         dz1.Counter] - /media/ruav/8064B61E64B6173E/resources/7.txt contains english words
2016-12-14 17:03:08,516 [WARN ][Thread-0        ][         dz1.Counter] - /media/ruav/8064B61E64B6173E/resources/7.txt contains english words
2016-12-14 17:03:08,516 [WARN ][Thread-1        ][         dz1.Counter] - /media/ruav/8064B61E64B6173E/resources/8.txt contains english words
2016-12-14 17:03:08,516 [WARN ][Thread-1        ][         dz1.Counter] - /media/ruav/8064B61E64B6173E/resources/8.txt contains english words
2016-12-14 17:03:11,317 [WARN ][Thread-0        ][         dz1.Counter] - /media/ruav/8064B61E64B6173E/resources/7.txt contains english words
2016-12-14 17:03:11,317 [WARN ][Thread-0        ][         dz1.Counter] - /media/ruav/8064B61E64B6173E/resources/7.txt contains english words
2016-12-14 17:03:11,317 [WARN ][Thread-1        ][         dz1.Counter] - /media/ruav/8064B61E64B6173E/resources/8.txt contains english words
2016-12-14 17:03:11,317 [WARN ][Thread-1        ][         dz1.Counter] - /media/ruav/8064B61E64B6173E/resources/8.txt contains english words
2016-12-14 17:05:03,283 [WARN ][Thread-0        ][         dz1.Counter] - /media/ruav/8064B61E64B6173E/resources/7.txt contains english words
2016-12-14 17:05:03,283 [WARN ][Thread-0        ][         dz1.Counter] - /media/ruav/8064B61E64B6173E/resources/7.txt contains english words
2016-12-14 17:05:03,558 [WARN ][main            ][            dz1.Main] - Файлы содержат латиницу, поэтому статистика не верна.
2016-12-14 17:05:03,558 [WARN ][main            ][            dz1.Main] - Файлы содержат латиницу, поэтому статистика не верна.
2016-12-14 17:05:58,188 [WARN ][Thread-0  ][         dz1.Counter] - /media/ruav/8064B61E64B6173E/resources/7.txt contains english words
2016-12-14 17:05:58,188 [WARN ][Thread-0  ][         dz1.Counter] - /media/ruav/8064B61E64B6173E/resources/7.txt contains english words
2016-12-14 17:05:58,188 [WARN ][Thread-1  ][         dz1.Counter] - /media/ruav/8064B61E64B6173E/resources/8.txt contains english words
2016-12-14 17:05:58,188 [WARN ][Thread-1  ][         dz1.Counter] - /media/ruav/8064B61E64B6173E/resources/8.txt contains english words
2016-12-14 17:05:58,485 [WARN ][main      ][            dz1.Main] - Файлы содержат латиницу, поэтому статистика не верна.
2016-12-14 17:05:58,485 [WARN ][main      ][            dz1.Main] - Файлы содержат латиницу, поэтому статистика не верна.
2016-12-14 17:06:20,639 [WARN ][Thread-0][   dz1.Counter] - /media/ruav/8064B61E64B6173E/resources/7.txt contains english words
2016-12-14 17:06:20,639 [WARN ][Thread-0][   dz1.Counter] - /media/ruav/8064B61E64B6173E/resources/7.txt contains english words
2016-12-14 17:06:20,641 [WARN ][Thread-1][   dz1.Counter] - /media/ruav/8064B61E64B6173E/resources/8.txt contains english words
2016-12-14 17:06:20,641 [WARN ][Thread-1][   dz1.Counter] - /media/ruav/8064B61E64B6173E/resources/8.txt contains english words
2016-12-14 17:06:20,906 [WARN ][main    ][      dz1.Main] - Файлы содержат латиницу, поэтому статистика не верна.
2016-12-14 17:06:20,906 [WARN ][main    ][      dz1.Main] - Файлы содержат латиницу, поэтому статистика не верна.
2016-12-14 17:07:10,872 [WARN ][Thread-1][   dz1.Counter] - /media/ruav/8064B61E64B6173E/resources/8.txt contains english words
2016-12-14 17:07:10,872 [WARN ][Thread-1][   dz1.Counter] - /media/ruav/8064B61E64B6173E/resources/8.txt contains english words
2016-12-14 17:07:10,873 [WARN ][Thread-0][   dz1.Counter] - /media/ruav/8064B61E64B6173E/resources/7.txt contains english words
2016-12-14 17:07:10,873 [WARN ][Thread-0][   dz1.Counter] - /media/ruav/8064B61E64B6173E/resources/7.txt contains english words
2016-12-14 17:07:11,175 [WARN ][main    ][      dz1.Main] - Файлы содержат латиницу, поэтому статистика не верна.
2016-12-14 17:07:11,175 [WARN ][main    ][      dz1.Main] - Файлы содержат латиницу, поэтому статистика не верна.
2016-12-14 17:07:26,307 [WARN ][Thread-0][   dz1.Counter] - /media/ruav/8064B61E64B6173E/resources/7.txt contains english words
2016-12-14 17:07:26,307 [WARN ][Thread-0][   dz1.Counter] - /media/ruav/8064B61E64B6173E/resources/7.txt contains english words
2016-12-14 17:07:26,605 [WARN ][main    ][      dz1.Main] - Файлы содержат латиницу, поэтому статистика не верна.
2016-12-14 17:07:26,605 [WARN ][main    ][      dz1.Main] - Файлы содержат латиницу, поэтому статистика не верна.
2016-12-14 17:10:12,506 [WARN ][Thread-1][   dz1.Counter] - /media/ruav/8064B61E64B6173E/resources/8.txt contains english words
2016-12-14 17:10:12,506 [WARN ][Thread-1][   dz1.Counter] - /media/ruav/8064B61E64B6173E/resources/8.txt contains english words
2016-12-14 17:10:12,507 [WARN ][Thread-0][   dz1.Counter] - /media/ruav/8064B61E64B6173E/resources/7.txt contains english words
2016-12-14 17:10:12,507 [WARN ][Thread-0][   dz1.Counter] - /media/ruav/8064B61E64B6173E/resources/7.txt contains english words
2016-12-14 17:10:12,807 [WARN ][main    ][      dz1.Main] - Файлы содержат латиницу, поэтому статистика не верна.
2016-12-14 17:10:12,807 [WARN ][main    ][      dz1.Main] - Файлы содержат латиницу, поэтому статистика не верна.
2016-12-14 17:10:17,095 [WARN ][Thread-0][   dz1.Counter] - /media/ruav/8064B61E64B6173E/resources/7.txt contains english words
2016-12-14 17:10:17,095 [WARN ][Thread-0][   dz1.Counter] - /media/ruav/8064B61E64B6173E/resources/7.txt contains english words
2016-12-14 17:10:17,394 [WARN ][main    ][      dz1.Main] - Файлы содержат латиницу, поэтому статистика не верна.
2016-12-14 17:10:17,394 [WARN ][main    ][      dz1.Main] - Файлы содержат латиницу, поэтому статистика не верна.
2016-12-14 17:10:32,825 [WARN ][Thread-1][   dz1.Counter] - /media/ruav/8064B61E64B6173E/resources/8.txt contains english words
2016-12-14 17:10:33,148 [WARN ][main    ][      dz1.Main] - Файлы содержат латиницу, поэтому статистика не верна.
2016-12-14 17:10:33,148 [WARN ][main    ][      dz1.Main] - Файлы содержат латиницу, поэтому статистика не верна.
2016-12-14 17:10:46,269 [WARN ][Thread-1][   dz1.Counter] - /media/ruav/8064B61E64B6173E/resources/8.txt contains english words
2016-12-14 17:10:46,269 [WARN ][Thread-0][   dz1.Counter] - /media/ruav/8064B61E64B6173E/resources/7.txt contains english words
2016-12-14 17:10:46,577 [WARN ][main    ][      dz1.Main] - Файлы содержат латиницу, поэтому статистика не верна.
2016-12-14 17:10:46,577 [WARN ][main    ][      dz1.Main] - Файлы содержат латиницу, поэтому статистика не верна.
2016-12-14 17:10:54,114 [WARN ][Thread-1][   dz1.Counter] - /media/ruav/8064B61E64B6173E/resources/8.txt contains english words
2016-12-14 17:10:54,114 [WARN ][Thread-0][   dz1.Counter] - /media/ruav/8064B61E64B6173E/resources/7.txt contains english words
2016-12-14 17:10:54,434 [WARN ][main    ][      dz1.Main] - Файлы содержат латиницу, поэтому статистика не верна.
2016-12-14 17:10:54,434 [WARN ][main    ][      dz1.Main] - Файлы содержат латиницу, поэтому статистика не верна.
2016-12-14 17:11:14,483 [WARN ][Thread-0][   dz1.Counter] - /media/ruav/8064B61E64B6173E/resources/7.txt contains english words
2016-12-14 17:11:14,801 [WARN ][main    ][      dz1.Main] - Файлы содержат латиницу, поэтому статистика не верна.
2016-12-14 17:11:20,624 [WARN ][Thread-0][   dz1.Counter] - /media/ruav/8064B61E64B6173E/resources/7.txt contains english words
2016-12-14 17:11:20,946 [WARN ][main    ][      dz1.Main] - Файлы содержат латиницу, поэтому статистика не верна.
2016-12-15 12:39:43,705 [WARN ][t worker][   dz1.Counter] - /media/ruav/8064B61E64B6173E/resources/8.txt contains english words
2016-12-15 12:40:50,162 [WARN ][t worker][   dz1.Counter] - /media/ruav/8064B61E64B6173E/resources/8.txt contains english words
2016-12-15 12:41:04,075 [WARN ][t worker][   dz1.Counter] - /media/ruav/8064B61E64B6173E/resources/8.txt contains english words
2016-12-15 12:42:07,590 [WARN ][t worker][   dz1.Counter] - /media/ruav/8064B61E64B6173E/resources/8.txt contains english words
2016-12-15 12:42:34,206 [WARN ][Thread-1][   dz1.Counter] - /media/ruav/8064B61E64B6173E/resources/8.txt contains english words
2016-12-15 12:42:34,582 [WARN ][main    ][      dz1.Main] - Файлы содержат латиницу, поэтому статистика не верна.
2016-12-15 12:43:43,029 [WARN ][Thread-0][   dz1.Counter] - /media/ruav/8064B61E64B6173E/resources/7.txt contains english words
2016-12-15 12:43:43,428 [WARN ][main    ][      dz1.Main] - Файлы содержат латиницу, поэтому статистика не верна.
2016-12-15 12:46:11,875 [WARN ][Thread-0][   dz1.Counter] - /media/ruav/8064B61E64B6173E/resources/7.txt contains english words
2016-12-15 12:46:11,875 [WARN ][Thread-1][   dz1.Counter] - /media/ruav/8064B61E64B6173E/resources/8.txt contains english words
2016-12-15 12:46:12,068 [WARN ][main    ][      dz1.Main] - Файлы содержат латиницу, поэтому статистика не верна.
2016-12-15 12:46:33,881 [WARN ][t worker][   dz1.Counter] - /media/ruav/8064B61E64B6173E/resources/8.txt contains english words
2016-12-15 12:48:25,632 [WARN ][t worker][   dz1.Counter] - /media/ruav/8064B61E64B6173E/resources/8.txt contains english words
2016-12-15 12:48:30,628 [WARN ][Thread-0][   dz1.Counter] - /media/ruav/8064B61E64B6173E/resources/7.txt contains english words
2016-12-15 12:48:30,631 [WARN ][Thread-0][   dz1.Counter] - Содержится латиница. Поток закрыт
2016-12-15 12:48:30,628 [WARN ][Thread-1][   dz1.Counter] - /media/ruav/8064B61E64B6173E/resources/8.txt contains english words
2016-12-15 12:48:30,631 [WARN ][Thread-1][   dz1.Counter] - Содержится латиница. Поток закрыт
2016-12-15 12:48:30,834 [WARN ][main    ][      dz1.Main] - Файлы содержат латиницу, поэтому статистика не верна.
2016-12-15 18:10:27,709 [WARN ][Thread-1][   dz1.Counter] - Содержится латиница. Поток закрыт
2016-12-15 18:10:27,770 [WARN ][Thread-3][   dz1.Counter] - Содержится латиница. Поток закрыт
2016-12-15 18:10:27,709 [WARN ][Thread-2][   dz1.Counter] - Содержится латиница. Поток закрыт
2016-12-15 18:10:27,709 [WARN ][Thread-0][   dz1.Counter] - Содержится латиница. Поток закрыт
2016-12-15 18:11:24,176 [WARN ][Thread-0][   dz1.Counter] - Содержится латиница. Поток закрыт
2016-12-15 18:11:24,177 [WARN ][Thread-3][   dz1.Counter] - Содержится латиница. Поток закрыт
2016-12-15 18:11:24,176 [WARN ][Thread-2][   dz1.Counter] - Содержится латиница. Поток закрыт
2016-12-15 18:11:24,176 [WARN ][Thread-1][   dz1.Counter] - Содержится латиница. Поток закрыт
2016-12-15 18:13:58,115 [WARN ][Thread-0][   dz1.Counter] - Содержится латиница. Поток закрыт
2016-12-15 18:13:58,115 [WARN ][Thread-3][   dz1.Counter] - Содержится латиница. Поток закрыт
2016-12-15 18:13:58,115 [WARN ][Thread-1][   dz1.Counter] - Содержится латиница. Поток закрыт
2016-12-15 18:13:58,115 [WARN ][Thread-2][   dz1.Counter] - Содержится латиница. Поток закрыт
2016-12-15 18:14:28,105 [WARN ][Thread-0][   dz1.Counter] - Содержится латиница. Поток закрыт
2016-12-15 18:14:28,105 [WARN ][Thread-2][   dz1.Counter] - Содержится латиница. Поток закрыт
2016-12-15 18:14:28,105 [WARN ][Thread-1][   dz1.Counter] - Содержится латиница. Поток закрыт
2016-12-15 18:14:28,107 [WARN ][Thread-3][   dz1.Counter] - Содержится латиница. Поток закрыт
2016-12-15 18:14:31,431 [WARN ][Thread-0][   dz1.Counter] - Содержится латиница. Поток закрыт
2016-12-15 18:14:31,432 [WARN ][Thread-1][   dz1.Counter] - Содержится латиница. Поток закрыт
2016-12-15 18:14:31,432 [WARN ][Thread-2][   dz1.Counter] - Содержится латиница. Поток закрыт
2016-12-15 18:14:31,432 [WARN ][Thread-3][   dz1.Counter] - Содержится латиница. Поток закрыт
2016-12-15 18:14:48,291 [WARN ][Thread-0][   dz1.Counter] - Содержится латиница. Поток закрыт
2016-12-15 18:14:48,293 [WARN ][Thread-3][   dz1.Counter] - Содержится латиница. Поток закрыт
2016-12-15 18:14:48,291 [WARN ][Thread-2][   dz1.Counter] - Содержится латиница. Поток закрыт
2016-12-15 18:14:48,291 [WARN ][Thread-1][   dz1.Counter] - Содержится латиница. Поток закрыт
2016-12-15 18:14:55,406 [WARN ][Thread-1][   dz1.Counter] - Содержится латиница. Поток закрыт
2016-12-15 18:14:55,406 [WARN ][Thread-2][   dz1.Counter] - Содержится латиница. Поток закрыт
2016-12-15 18:14:55,406 [WARN ][Thread-0][   dz1.Counter] - Содержится латиница. Поток закрыт
2016-12-15 18:14:55,415 [WARN ][Thread-3][   dz1.Counter] - Содержится латиница. Поток закрыт
2016-12-15 18:15:33,752 [WARN ][Thread-0][   dz1.Counter] - Содержится латиница. Поток закрыт
2016-12-15 18:15:33,755 [WARN ][Thread-1][   dz1.Counter] - Содержится латиница. Поток закрыт
2016-12-15 18:15:33,764 [WARN ][Thread-2][   dz1.Counter] - Содержится латиница. Поток закрыт
2016-12-15 18:15:33,767 [WARN ][Thread-3][   dz1.Counter] - Содержится латиница. Поток закрыт
2016-12-15 18:15:50,665 [WARN ][Thread-0][   dz1.Counter] - Содержится латиница. Поток закрыт
2016-12-15 18:15:50,670 [WARN ][Thread-1][   dz1.Counter] - Содержится латиница. Поток закрыт
2016-12-15 18:15:50,673 [WARN ][Thread-2][   dz1.Counter] - Содержится латиница. Поток закрыт
2016-12-15 18:15:50,677 [WARN ][Thread-3][   dz1.Counter] - Содержится латиница. Поток закрыт
2016-12-15 18:15:55,584 [WARN ][Thread-1][   dz1.Counter] - Содержится латиница. Поток закрыт
2016-12-15 18:15:55,586 [WARN ][Thread-3][   dz1.Counter] - Содержится латиница. Поток закрыт
2016-12-15 18:15:55,584 [WARN ][Thread-2][   dz1.Counter] - Содержится латиница. Поток закрыт
2016-12-15 18:15:55,584 [WARN ][Thread-0][   dz1.Counter] - Содержится латиница. Поток закрыт
2016-12-15 18:17:05,083 [WARN ][Thread-0][   dz1.Counter] - Содержится латиница. Поток закрыт
2016-12-15 18:17:31,804 [WARN ][Thread-1][   dz1.Counter] - Содержится латиница. Поток закрыт
2016-12-15 18:17:35,373 [WARN ][Thread-2][   dz1.Counter] - Содержится латиница. Поток закрыт
2016-12-15 18:17:36,949 [WARN ][Thread-3][   dz1.Counter] - Содержится латиница. Поток закрыт
2016-12-15 18:19:14,421 [WARN ][Thread-0][   dz1.Counter] - Содержится латиница. Поток закрыт
2016-12-15 18:19:14,428 [WARN ][Thread-2][   dz1.Counter] - Содержится латиница. Поток закрыт
2016-12-15 18:19:14,428 [WARN ][Thread-1][   dz1.Counter] - Содержится латиница. Поток закрыт
2016-12-15 18:19:14,429 [WARN ][Thread-3][   dz1.Counter] - Содержится латиница. Поток закрыт
2016-12-15 18:32:50,140 [WARN ][Thread-0][   dz1.Counter] - Содержится латиница. Поток закрыт
2016-12-15 18:32:50,932 [WARN ][Thread-2][   dz1.Counter] - Содержится латиница. Поток закрыт
2016-12-15 18:32:50,140 [WARN ][Thread-1][   dz1.Counter] - Содержится латиница. Поток закрыт
2016-12-15 18:32:53,178 [WARN ][Thread-3][   dz1.Counter] - Содержится латиница. Поток закрыт
2016-12-15 18:36:09,243 [WARN ][Thread-3][   dz1.Counter] - http://cdimage.debian.org/debian-cd/8.6.0/amd64/iso-cd/MD5SUMS FileNotFound
2016-12-15 18:36:09,273 [WARN ][Thread-1][   dz1.Counter] - /media/ruav/8064B61E64B6173E/resources/8.txt contains english words
2016-12-15 18:36:09,273 [WARN ][Thread-0][   dz1.Counter] - /media/ruav/8064B61E64B6173E/resources/7.txt contains english words
2016-12-15 18:36:09,273 [WARN ][Thread-1][   dz1.Counter] - Файлы содержат латиницу, поэтому статистика не верна.
2016-12-15 18:36:09,274 [WARN ][Thread-0][   dz1.Counter] - Файлы содержат латиницу, поэтому статистика не верна.
2016-12-15 18:36:09,274 [WARN ][Thread-1][   dz1.Counter] - Содержится латиница. Поток закрыт
2016-12-15 18:36:09,274 [WARN ][Thread-0][   dz1.Counter] - Содержится латиница. Поток закрыт
2016-12-15 18:36:25,517 [WARN ][Thread-3][   dz1.Counter] - http://cdimage.debian.org/debian-cd/8.6.0/amd64/iso-cd/MD5SUMS FileNotFound
2016-12-15 18:36:25,528 [WARN ][Thread-1][   dz1.Counter] - /media/ruav/8064B61E64B6173E/resources/8.txt contains english words
2016-12-15 18:36:25,528 [WARN ][Thread-0][   dz1.Counter] - /media/ruav/8064B61E64B6173E/resources/7.txt contains english words
2016-12-15 18:36:25,528 [WARN ][Thread-1][   dz1.Counter] - Файлы содержат латиницу, поэтому статистика не верна.
2016-12-15 18:36:25,528 [WARN ][Thread-0][   dz1.Counter] - Файлы содержат латиницу, поэтому статистика не верна.
2016-12-15 18:36:25,528 [WARN ][Thread-0][   dz1.Counter] - Содержится латиница. Поток закрыт
2016-12-15 18:36:25,528 [WARN ][Thread-1][   dz1.Counter] - Содержится латиница. Поток закрыт
2016-12-15 18:36:53,765 [WARN ][Thread-3][   dz1.Counter] - http://cdimage.debian.org/debian-cd/8.6.0/amd64/iso-cd/MD5SUMS FileNotFound
2016-12-15 18:36:53,776 [WARN ][Thread-0][   dz1.Counter] - /media/ruav/8064B61E64B6173E/resources/7.txt contains english words
2016-12-15 18:36:53,776 [WARN ][Thread-1][   dz1.Counter] - /media/ruav/8064B61E64B6173E/resources/8.txt contains english words
2016-12-15 18:36:53,776 [WARN ][Thread-0][   dz1.Counter] - Файлы содержат латиницу, поэтому статистика не верна.
2016-12-15 18:36:53,776 [WARN ][Thread-1][   dz1.Counter] - Файлы содержат латиницу, поэтому статистика не верна.
2016-12-15 18:36:53,776 [WARN ][Thread-1][   dz1.Counter] - Содержится латиница. Поток закрыт
2016-12-15 18:36:53,776 [WARN ][Thread-0][   dz1.Counter] - Содержится латиница. Поток закрыт
2016-12-15 18:36:56,530 [WARN ][Thread-3][   dz1.Counter] - http://cdimage.debian.org/debian-cd/8.6.0/amd64/iso-cd/MD5SUMS FileNotFound
2016-12-15 18:36:56,533 [WARN ][Thread-0][   dz1.Counter] - /media/ruav/8064B61E64B6173E/resources/7.txt contains english words
2016-12-15 18:36:56,534 [WARN ][Thread-0][   dz1.Counter] - Файлы содержат латиницу, поэтому статистика не верна.
2016-12-15 18:36:56,534 [WARN ][Thread-0][   dz1.Counter] - Содержится латиница. Поток закрыт
2016-12-15 18:37:14,242 [WARN ][Thread-3][   dz1.Counter] - http://cdimage.debian.org/debian-cd/8.6.0/amd64/iso-cd/MD5SUMS FileNotFound
2016-12-15 18:37:14,242 [WARN ][Thread-1][   dz1.Counter] - /media/ruav/8064B61E64B6173E/resources/8.txt contains english words
2016-12-15 18:37:14,244 [WARN ][Thread-1][   dz1.Counter] - Файлы содержат латиницу, поэтому статистика не верна.
2016-12-15 18:37:14,244 [WARN ][Thread-1][   dz1.Counter] - Содержится латиница. Поток закрыт
2016-12-15 18:37:54,233 [WARN ][Thread-3][   dz1.Counter] - http://cdimage.debian.org/debian-cd/8.6.0/amd64/iso-cd/MD5SUMS FileNotFound
2016-12-15 18:37:54,236 [WARN ][Thread-1][   dz1.Counter] - /media/ruav/8064B61E64B6173E/resources/8.txt contains english words
2016-12-15 18:37:54,236 [WARN ][Thread-0][   dz1.Counter] - /media/ruav/8064B61E64B6173E/resources/7.txt contains english words
2016-12-15 18:37:54,237 [WARN ][Thread-1][   dz1.Counter] - Файлы содержат латиницу, поэтому статистика не верна.
2016-12-15 18:37:54,237 [WARN ][Thread-0][   dz1.Counter] - Файлы содержат латиницу, поэтому статистика не верна.
2016-12-15 18:37:54,237 [WARN ][Thread-1][   dz1.Counter] - Содержится латиница. Поток закрыт
2016-12-15 18:37:54,238 [WARN ][Thread-0][   dz1.Counter] - Содержится латиница. Поток закрыт
2016-12-15 18:37:56,249 [WARN ][Thread-0][   dz1.Counter] - /media/ruav/8064B61E64B6173E/resources/7.txt contains english words
2016-12-15 18:37:56,251 [WARN ][Thread-0][   dz1.Counter] - Файлы содержат латиницу, поэтому статистика не верна.
2016-12-15 18:37:56,252 [WARN ][Thread-0][   dz1.Counter] - Содержится латиница. Поток закрыт
2016-12-15 18:37:56,253 [WARN ][Thread-3][   dz1.Counter] - http://cdimage.debian.org/debian-cd/8.6.0/amd64/iso-cd/MD5SUMS FileNotFound
2016-12-15 18:37:58,269 [WARN ][Thread-3][   dz1.Counter] - http://cdimage.debian.org/debian-cd/8.6.0/amd64/iso-cd/MD5SUMS FileNotFound
2016-12-15 18:37:58,269 [WARN ][Thread-1][   dz1.Counter] - /media/ruav/8064B61E64B6173E/resources/8.txt contains english words
2016-12-15 18:37:58,271 [WARN ][Thread-1][   dz1.Counter] - Файлы содержат латиницу, поэтому статистика не верна.
2016-12-15 18:37:58,272 [WARN ][Thread-1][   dz1.Counter] - Содержится латиница. Поток закрыт
2016-12-15 18:37:58,269 [WARN ][Thread-0][   dz1.Counter] - /media/ruav/8064B61E64B6173E/resources/7.txt contains english words
2016-12-15 18:37:58,272 [WARN ][Thread-0][   dz1.Counter] - Файлы содержат латиницу, поэтому статистика не верна.
2016-12-15 18:37:58,272 [WARN ][Thread-0][   dz1.Counter] - Содержится латиница. Поток закрыт
2016-12-15 18:38:00,257 [WARN ][Thread-3][   dz1.Counter] - http://cdimage.debian.org/debian-cd/8.6.0/amd64/iso-cd/MD5SUMS FileNotFound
2016-12-15 18:38:00,259 [WARN ][Thread-1][   dz1.Counter] - /media/ruav/8064B61E64B6173E/resources/8.txt contains english words
2016-12-15 18:38:00,259 [WARN ][Thread-1][   dz1.Counter] - Файлы содержат латиницу, поэтому статистика не верна.
2016-12-15 18:38:00,259 [WARN ][Thread-1][   dz1.Counter] - Содержится латиница. Поток закрыт
2016-12-15 18:38:00,258 [WARN ][Thread-0][   dz1.Counter] - /media/ruav/8064B61E64B6173E/resources/7.txt contains english words
2016-12-15 18:38:00,261 [WARN ][Thread-0][   dz1.Counter] - Файлы содержат латиницу, поэтому статистика не верна.
2016-12-15 18:38:00,261 [WARN ][Thread-0][   dz1.Counter] - Содержится латиница. Поток закрыт
2016-12-15 18:38:02,182 [WARN ][Thread-1][   dz1.Counter] - /media/ruav/8064B61E64B6173E/resources/8.txt contains english words
2016-12-15 18:38:02,182 [WARN ][Thread-0][   dz1.Counter] - /media/ruav/8064B61E64B6173E/resources/7.txt contains english words
2016-12-15 18:38:02,184 [WARN ][Thread-0][   dz1.Counter] - Файлы содержат латиницу, поэтому статистика не верна.
2016-12-15 18:38:02,184 [WARN ][Thread-1][   dz1.Counter] - Файлы содержат латиницу, поэтому статистика не верна.
2016-12-15 18:38:02,184 [WARN ][Thread-0][   dz1.Counter] - Содержится латиница. Поток закрыт
2016-12-15 18:38:02,184 [WARN ][Thread-1][   dz1.Counter] - Содержится латиница. Поток закрыт
2016-12-15 18:38:02,188 [WARN ][Thread-3][   dz1.Counter] - http://cdimage.debian.org/debian-cd/8.6.0/amd64/iso-cd/MD5SUMS FileNotFound
2016-12-15 19:34:42,525 [WARN ][t worker][   dz1.Counter] - /media/ruav/8064B61E64B6173E/resources/8.txt contains english words
2016-12-15 19:34:42,527 [WARN ][t worker][   dz1.Counter] - Файлы содержат латиницу, поэтому статистика не верна.
2016-12-15 19:49:42,534 [WARN ][t worker][   dz1.Counter] - /media/ruav/8064B61E64B6173E/resources/8.txt contains english words
2016-12-15 19:49:42,536 [WARN ][t worker][   dz1.Counter] - Файлы содержат латиницу, поэтому статистика не верна.
2016-12-15 19:51:10,558 [WARN ][t worker][   dz1.Counter] - /media/ruav/8064B61E64B6173E/resources/8.txt contains english words
2016-12-15 19:51:10,559 [WARN ][t worker][   dz1.Counter] - Файлы содержат латиницу, поэтому статистика не верна.
2016-12-15 19:52:42,434 [WARN ][t worker][   dz1.Counter] - /media/ruav/8064B61E64B6173E/resources/8.txt contains english words
2016-12-15 19:52:42,436 [WARN ][t worker][   dz1.Counter] - Файлы содержат латиницу, поэтому статистика не верна.
2016-12-15 19:54:18,150 [WARN ][t worker][   dz1.Counter] - /media/ruav/8064B61E64B6173E/resources/8.txt contains english words
2016-12-15 19:54:18,152 [WARN ][t worker][   dz1.Counter] - Файлы содержат латиницу, поэтому статистика не верна.
2016-12-15 19:55:42,882 [WARN ][t worker][   dz1.Counter] - /media/ruav/8064B61E64B6173E/resources/8.txt contains english words
2016-12-15 19:55:42,884 [WARN ][t worker][   dz1.Counter] - Файлы содержат латиницу, поэтому статистика не верна.
2016-12-16 09:55:52,581 [WARN ][t worker][   dz1.Counter] - /media/ruav/8064B61E64B6173E/resources/8.txt contains english words
2016-12-16 09:55:52,583 [WARN ][t worker][   dz1.Counter] - Файлы содержат латиницу, поэтому статистика не верна.
2016-12-17 12:42:54,564 [WARN ][Thread-3][   dz1.Counter] - http://cdimage.debian.org/debian-cd/8.6.0/amd64/iso-cd/MD5SUMS FileNotFound
2016-12-17 12:42:54,673 [WARN ][Thread-0][   dz1.Counter] - /media/ruav/8064B61E64B6173E/resources/7.txt contains english words
2016-12-17 12:42:54,673 [WARN ][Thread-1][   dz1.Counter] - /media/ruav/8064B61E64B6173E/resources/8.txt contains english words
2016-12-17 12:42:54,673 [WARN ][Thread-0][   dz1.Counter] - Файлы содержат латиницу, поэтому статистика не верна.
2016-12-17 12:42:54,673 [WARN ][Thread-1][   dz1.Counter] - Файлы содержат латиницу, поэтому статистика не верна.
2016-12-17 12:42:54,673 [WARN ][Thread-1][   dz1.Counter] - Содержится латиница. Поток закрыт
2016-12-17 12:42:54,673 [WARN ][Thread-0][   dz1.Counter] - Содержится латиница. Поток закрыт
2016-12-17 22:59:00,052 [WARN ][t worker][   dz1.Counter] - /media/ruav/8064B61E64B6173E/resources/8.txt contains english words
2016-12-17 22:59:00,054 [WARN ][t worker][   dz1.Counter] - Файлы содержат латиницу, поэтому статистика не верна.
2016-12-18 00:49:46,068 [WARN ][Thread-3][   dz1.Counter] - http://cdimage.debian.org/debian-cd/8.6.0/amd64/iso-cd/MD5SUMS FileNotFound
2016-12-18 00:49:46,179 [WARN ][Thread-1][   dz1.Counter] - /media/ruav/8064B61E64B6173E/resources/8.txt contains english words
2016-12-18 00:49:46,180 [WARN ][Thread-1][   dz1.Counter] - Файлы содержат латиницу, поэтому статистика не верна.
2016-12-18 00:49:46,180 [WARN ][Thread-1][   dz1.Counter] - Содержится латиница. Поток закрыт
2016-12-18 00:49:50,724 [WARN ][Thread-3][   dz1.Counter] - http://cdimage.debian.org/debian-cd/8.6.0/amd64/iso-cd/MD5SUMS FileNotFound
2016-12-18 00:49:50,729 [WARN ][Thread-1][   dz1.Counter] - /media/ruav/8064B61E64B6173E/resources/8.txt contains english words
2016-12-18 00:49:50,729 [WARN ][Thread-1][   dz1.Counter] - Файлы содержат латиницу, поэтому статистика не верна.
2016-12-18 00:49:50,729 [WARN ][Thread-1][   dz1.Counter] - Содержится латиница. Поток закрыт
2016-12-18 00:49:53,883 [WARN ][Thread-3][   dz1.Counter] - http://cdimage.debian.org/debian-cd/8.6.0/amd64/iso-cd/MD5SUMS FileNotFound
2016-12-18 00:49:53,883 [WARN ][Thread-1][   dz1.Counter] - /media/ruav/8064B61E64B6173E/resources/8.txt contains english words
2016-12-18 00:49:53,885 [WARN ][Thread-1][   dz1.Counter] - Файлы содержат латиницу, поэтому статистика не верна.
2016-12-18 00:49:53,886 [WARN ][Thread-1][   dz1.Counter] - Содержится латиница. Поток закрыт
2016-12-18 00:49:56,322 [WARN ][Thread-3][   dz1.Counter] - http://cdimage.debian.org/debian-cd/8.6.0/amd64/iso-cd/MD5SUMS FileNotFound
2016-12-18 00:49:56,325 [WARN ][Thread-1][   dz1.Counter] - /media/ruav/8064B61E64B6173E/resources/8.txt contains english words
2016-12-18 00:49:56,325 [WARN ][Thread-0][   dz1.Counter] - /media/ruav/8064B61E64B6173E/resources/7.txt contains english words
2016-12-18 00:49:56,327 [WARN ][Thread-1][   dz1.Counter] - Файлы содержат латиницу, поэтому статистика не верна.
2016-12-18 00:49:56,327 [WARN ][Thread-0][   dz1.Counter] - Файлы содержат латиницу, поэтому статистика не верна.
2016-12-18 00:49:56,327 [WARN ][Thread-0][   dz1.Counter] - Содержится латиница. Поток закрыт
2016-12-18 00:49:56,327 [WARN ][Thread-1][   dz1.Counter] - Содержится латиница. Поток закрыт
2016-12-18 00:49:58,223 [WARN ][Thread-3][   dz1.Counter] - http://cdimage.debian.org/debian-cd/8.6.0/amd64/iso-cd/MD5SUMS FileNotFound
2016-12-18 00:49:58,248 [WARN ][Thread-1][   dz1.Counter] - /media/ruav/8064B61E64B6173E/resources/8.txt contains english words
2016-12-18 00:49:58,248 [WARN ][Thread-0][   dz1.Counter] - /media/ruav/8064B61E64B6173E/resources/7.txt contains english words
2016-12-18 00:49:58,248 [WARN ][Thread-0][   dz1.Counter] - Файлы содержат латиницу, поэтому статистика не верна.
2016-12-18 00:49:58,249 [WARN ][Thread-0][   dz1.Counter] - Содержится латиница. Поток закрыт
2016-12-18 00:49:58,248 [WARN ][Thread-1][   dz1.Counter] - Файлы содержат латиницу, поэтому статистика не верна.
2016-12-18 00:49:58,249 [WARN ][Thread-1][   dz1.Counter] - Содержится латиница. Поток закрыт
2016-12-18 00:49:59,900 [WARN ][Thread-3][   dz1.Counter] - http://cdimage.debian.org/debian-cd/8.6.0/amd64/iso-cd/MD5SUMS FileNotFound
2016-12-18 00:49:59,901 [WARN ][Thread-1][   dz1.Counter] - /media/ruav/8064B61E64B6173E/resources/8.txt contains english words
2016-12-18 00:49:59,902 [WARN ][Thread-1][   dz1.Counter] - Файлы содержат латиницу, поэтому статистика не верна.
2016-12-18 00:49:59,902 [WARN ][Thread-1][   dz1.Counter] - Содержится латиница. Поток закрыт
2016-12-18 00:49:59,903 [WARN ][Thread-0][   dz1.Counter] - /media/ruav/8064B61E64B6173E/resources/7.txt contains english words
2016-12-18 00:49:59,903 [WARN ][Thread-0][   dz1.Counter] - Файлы содержат латиницу, поэтому статистика не верна.
2016-12-18 00:49:59,903 [WARN ][Thread-0][   dz1.Counter] - Содержится латиница. Поток закрыт
2016-12-18 00:50:01,525 [WARN ][Thread-0][   dz1.Counter] - /media/ruav/8064B61E64B6173E/resources/7.txt contains english words
2016-12-18 00:50:01,526 [WARN ][Thread-0][   dz1.Counter] - Файлы содержат латиницу, поэтому статистика не верна.
2016-12-18 00:50:01,527 [WARN ][Thread-0][   dz1.Counter] - Содержится латиница. Поток закрыт
2016-12-18 00:50:03,177 [WARN ][Thread-3][   dz1.Counter] - http://cdimage.debian.org/debian-cd/8.6.0/amd64/iso-cd/MD5SUMS FileNotFound
2016-12-18 00:50:03,177 [WARN ][Thread-0][   dz1.Counter] - /media/ruav/8064B61E64B6173E/resources/7.txt contains english words
2016-12-18 00:50:03,177 [WARN ][Thread-1][   dz1.Counter] - /media/ruav/8064B61E64B6173E/resources/8.txt contains english words
2016-12-18 00:50:03,178 [WARN ][Thread-0][   dz1.Counter] - Файлы содержат латиницу, поэтому статистика не верна.
2016-12-18 00:50:03,178 [WARN ][Thread-1][   dz1.Counter] - Файлы содержат латиницу, поэтому статистика не верна.
2016-12-18 00:50:03,179 [WARN ][Thread-1][   dz1.Counter] - Содержится латиница. Поток закрыт
2016-12-18 00:50:03,179 [WARN ][Thread-0][   dz1.Counter] - Содержится латиница. Поток закрыт
2016-12-18 00:50:04,879 [WARN ][Thread-3][   dz1.Counter] - http://cdimage.debian.org/debian-cd/8.6.0/amd64/iso-cd/MD5SUMS FileNotFound
2016-12-18 00:50:04,883 [WARN ][Thread-0][   dz1.Counter] - /media/ruav/8064B61E64B6173E/resources/7.txt contains english words
2016-12-18 00:50:04,883 [WARN ][Thread-1][   dz1.Counter] - /media/ruav/8064B61E64B6173E/resources/8.txt contains english words
2016-12-18 00:50:04,883 [WARN ][Thread-0][   dz1.Counter] - Файлы содержат латиницу, поэтому статистика не верна.
2016-12-18 00:50:04,883 [WARN ][Thread-1][   dz1.Counter] - Файлы содержат латиницу, поэтому статистика не верна.
2016-12-18 00:50:04,883 [WARN ][Thread-0][   dz1.Counter] - Содержится латиница. Поток закрыт
2016-12-18 00:50:04,883 [WARN ][Thread-1][   dz1.Counter] - Содержится латиница. Поток закрыт
2016-12-18 00:50:06,717 [WARN ][Thread-1][   dz1.Counter] - /media/ruav/8064B61E64B6173E/resources/8.txt contains english words
2016-12-18 00:50:06,719 [WARN ][Thread-1][   dz1.Counter] - Файлы содержат латиницу, поэтому статистика не верна.
2016-12-18 00:50:06,717 [WARN ][Thread-0][   dz1.Counter] - /media/ruav/8064B61E64B6173E/resources/7.txt contains english words
2016-12-18 00:50:06,720 [WARN ][Thread-0][   dz1.Counter] - Файлы содержат латиницу, поэтому статистика не верна.
2016-12-18 00:50:06,720 [WARN ][Thread-1][   dz1.Counter] - Содержится латиница. Поток закрыт
2016-12-18 00:50:06,720 [WARN ][Thread-0][   dz1.Counter] - Содержится латиница. Поток закрыт
2016-12-18 00:50:08,502 [WARN ][Thread-3][   dz1.Counter] - http://cdimage.debian.org/debian-cd/8.6.0/amd64/iso-cd/MD5SUMS FileNotFound
2016-12-18 00:50:08,506 [WARN ][Thread-0][   dz1.Counter] - /media/ruav/8064B61E64B6173E/resources/7.txt contains english words
2016-12-18 00:50:08,507 [WARN ][Thread-0][   dz1.Counter] - Файлы содержат латиницу, поэтому статистика не верна.
2016-12-18 00:50:08,507 [WARN ][Thread-0][   dz1.Counter] - Содержится латиница. Поток закрыт
2016-12-18 00:50:08,506 [WARN ][Thread-1][   dz1.Counter] - /media/ruav/8064B61E64B6173E/resources/8.txt contains english words
2016-12-18 00:50:08,507 [WARN ][Thread-1][   dz1.Counter] - Файлы содержат латиницу, поэтому статистика не верна.
2016-12-18 00:50:08,507 [WARN ][Thread-1][   dz1.Counter] - Содержится латиница. Поток закрыт
2016-12-18 00:50:10,226 [WARN ][Thread-3][   dz1.Counter] - http://cdimage.debian.org/debian-cd/8.6.0/amd64/iso-cd/MD5SUMS FileNotFound
2016-12-18 00:50:10,234 [WARN ][Thread-1][   dz1.Counter] - /media/ruav/8064B61E64B6173E/resources/8.txt contains english words
2016-12-18 00:50:10,234 [WARN ][Thread-0][   dz1.Counter] - /media/ruav/8064B61E64B6173E/resources/7.txt contains english words
2016-12-18 00:50:10,234 [WARN ][Thread-1][   dz1.Counter] - Файлы содержат латиницу, поэтому статистика не верна.
2016-12-18 00:50:10,234 [WARN ][Thread-0][   dz1.Counter] - Файлы содержат латиницу, поэтому статистика не верна.
2016-12-18 00:50:10,234 [WARN ][Thread-1][   dz1.Counter] - Содержится латиница. Поток закрыт
2016-12-18 00:50:10,234 [WARN ][Thread-0][   dz1.Counter] - Содержится латиница. Поток закрыт
2016-12-18 00:50:12,013 [WARN ][Thread-3][   dz1.Counter] - http://cdimage.debian.org/debian-cd/8.6.0/amd64/iso-cd/MD5SUMS FileNotFound
2016-12-18 00:50:12,017 [WARN ][Thread-1][   dz1.Counter] - /media/ruav/8064B61E64B6173E/resources/8.txt contains english words
2016-12-18 00:50:12,017 [WARN ][Thread-1][   dz1.Counter] - Файлы содержат латиницу, поэтому статистика не верна.
2016-12-18 00:50:12,017 [WARN ][Thread-1][   dz1.Counter] - Содержится латиница. Поток закрыт
2016-12-18 00:50:15,058 [WARN ][Thread-3][   dz1.Counter] - http://cdimage.debian.org/debian-cd/8.6.0/amd64/iso-cd/MD5SUMS FileNotFound
2016-12-18 00:50:15,067 [WARN ][Thread-0][   dz1.Counter] - /media/ruav/8064B61E64B6173E/resources/7.txt contains english words
2016-12-18 00:50:15,067 [WARN ][Thread-1][   dz1.Counter] - /media/ruav/8064B61E64B6173E/resources/8.txt contains english words
2016-12-18 00:50:15,067 [WARN ][Thread-1][   dz1.Counter] - Файлы содержат латиницу, поэтому статистика не верна.
2016-12-18 00:50:15,067 [WARN ][Thread-0][   dz1.Counter] - Файлы содержат латиницу, поэтому статистика не верна.
2016-12-18 00:50:15,068 [WARN ][Thread-1][   dz1.Counter] - Содержится латиница. Поток закрыт
2016-12-18 00:50:15,068 [WARN ][Thread-0][   dz1.Counter] - Содержится латиница. Поток закрыт
2016-12-18 01:01:48,883 [WARN ][Thread-3][   dz1.Counter] - http://cdimage.debian.org/debian-cd/8.6.0/amd64/iso-cd/MD5SUMS FileNotFound
2016-12-18 01:01:48,887 [WARN ][Thread-1][   dz1.Counter] - /media/ruav/8064B61E64B6173E/resources/8.txt contains english words
2016-12-18 01:01:48,887 [WARN ][Thread-1][   dz1.Counter] - Файлы содержат латиницу, поэтому статистика не верна.
2016-12-18 01:01:48,890 [WARN ][Thread-0][   dz1.Counter] - /media/ruav/8064B61E64B6173E/resources/7.txt contains english words
2016-12-18 01:01:48,891 [WARN ][Thread-0][   dz1.Counter] - Файлы содержат латиницу, поэтому статистика не верна.
